<?xml version="1.0" encoding="UTF-8"?>
<!-- Generated by org.testng.reporters.JUnitXMLReporter -->
<testsuite ignored="7" hostname="DESKTOP-O4QR3T2" failures="0" tests="4" name="Test" time="48.446" errors="0" timestamp="2022-03-31T14:40:23 IST">
  <testcase classname="om.flipkart.stepdefinition.SamsungMobileValidation" name="login" time="1.423"/>
  <testcase classname="om.flipkart.stepdefinition.SamsungMobileValidation" name="search" time="1.417"/>
  <testcase classname="om.flipkart.stepdefinition.MobileValidation" name="login" time="0.291"/>
  <testcase classname="om.flipkart.stepdefinition.MobileValidation" name="search" time="0.481"/>
  <testcase classname="om.flipkart.stepdefinition.SamsungMobileValidation" name="choose" time="0.0">
    <ignored/>
  </testcase> <!-- choose -->
  <testcase classname="om.flipkart.stepdefinition.MobileValidation" name="validation" time="0.0">
    <ignored/>
  </testcase> <!-- validation -->
  <testcase classname="om.flipkart.stepdefinition.SamsungMobileValidation" name="validation" time="0.0">
    <ignored/>
  </testcase> <!-- validation -->
  <testcase classname="om.flipkart.stepdefinition.MobileValidation" name="choose" time="0.0">
    <ignored/>
  </testcase> <!-- choose -->
  <testcase classname="om.flipkart.stepdefinition.MobileValidation" name="window" time="0.0">
    <ignored/>
  </testcase> <!-- window -->
  <testcase classname="om.flipkart.stepdefinition.MobileValidation" name="successMessage" time="0.0">
    <ignored/>
  </testcase> <!-- successMessage -->
  <testcase classname="om.flipkart.stepdefinition.SamsungMobileValidation" name="window" time="0.0">
    <ignored/>
  </testcase> <!-- window -->
</testsuite> <!-- Test -->
