<?xml version="1.0" encoding="UTF-8"?>
<testng-results ignored="7" total="11" passed="4" failed="0" skipped="0">
  <reporter-output>
  </reporter-output>
  <suite started-at="2022-03-31T14:39:34 IST" name="Suite" finished-at="2022-03-31T14:40:23 IST" duration-ms="48446">
    <groups>
      <group name="sanity">
        <method signature="MobileValidation.login()[pri:1, instance:om.flipkart.stepdefinition.MobileValidation@611889f4]" name="login" class="om.flipkart.stepdefinition.MobileValidation"/>
        <method signature="MobileValidation.search()[pri:2, instance:om.flipkart.stepdefinition.MobileValidation@611889f4]" name="search" class="om.flipkart.stepdefinition.MobileValidation"/>
        <method signature="SamsungMobileValidation.login()[pri:1, instance:om.flipkart.stepdefinition.SamsungMobileValidation@20ccf40b]" name="login" class="om.flipkart.stepdefinition.SamsungMobileValidation"/>
        <method signature="SamsungMobileValidation.search()[pri:2, instance:om.flipkart.stepdefinition.SamsungMobileValidation@20ccf40b]" name="search" class="om.flipkart.stepdefinition.SamsungMobileValidation"/>
      </group> <!-- sanity -->
    </groups>
    <test started-at="2022-03-31T14:39:34 IST" name="Test" finished-at="2022-03-31T14:40:23 IST" duration-ms="48446">
      <class name="om.flipkart.stepdefinition.MobileValidation">
        <test-method is-config="true" signature="BeforeClass()[pri:0, instance:om.flipkart.stepdefinition.MobileValidation@611889f4]" started-at="2022-03-31T14:40:07 IST" name="BeforeClass" finished-at="2022-03-31T14:40:20 IST" duration-ms="13296" status="PASS">
          <reporter-output>
          </reporter-output>
        </test-method> <!-- BeforeClass -->
        <test-method signature="login()[pri:1, instance:om.flipkart.stepdefinition.MobileValidation@611889f4]" started-at="2022-03-31T14:40:20 IST" name="login" finished-at="2022-03-31T14:40:21 IST" duration-ms="291" status="PASS">
          <reporter-output>
          </reporter-output>
        </test-method> <!-- login -->
        <test-method signature="search()[pri:2, instance:om.flipkart.stepdefinition.MobileValidation@611889f4]" started-at="2022-03-31T14:40:21 IST" name="search" finished-at="2022-03-31T14:40:21 IST" duration-ms="481" status="PASS">
          <reporter-output>
          </reporter-output>
        </test-method> <!-- search -->
        <test-method is-config="true" signature="afterClass()[pri:0, instance:om.flipkart.stepdefinition.MobileValidation@611889f4]" started-at="2022-03-31T14:40:21 IST" name="afterClass" finished-at="2022-03-31T14:40:23 IST" duration-ms="1397" status="PASS">
          <reporter-output>
          </reporter-output>
        </test-method> <!-- afterClass -->
      </class> <!-- om.flipkart.stepdefinition.MobileValidation -->
      <class name="om.flipkart.stepdefinition.SamsungMobileValidation">
        <test-method is-config="true" signature="BeforeClass()[pri:0, instance:om.flipkart.stepdefinition.SamsungMobileValidation@20ccf40b]" started-at="2022-03-31T14:39:34 IST" name="BeforeClass" finished-at="2022-03-31T14:40:03 IST" duration-ms="28516" status="PASS">
          <reporter-output>
          </reporter-output>
        </test-method> <!-- BeforeClass -->
        <test-method signature="login()[pri:1, instance:om.flipkart.stepdefinition.SamsungMobileValidation@20ccf40b]" started-at="2022-03-31T14:40:03 IST" name="login" finished-at="2022-03-31T14:40:04 IST" duration-ms="1423" status="PASS">
          <reporter-output>
          </reporter-output>
        </test-method> <!-- login -->
        <test-method signature="search()[pri:2, instance:om.flipkart.stepdefinition.SamsungMobileValidation@20ccf40b]" started-at="2022-03-31T14:40:04 IST" name="search" finished-at="2022-03-31T14:40:06 IST" duration-ms="1417" status="PASS">
          <reporter-output>
          </reporter-output>
        </test-method> <!-- search -->
        <test-method is-config="true" signature="AfterClass()[pri:0, instance:om.flipkart.stepdefinition.SamsungMobileValidation@20ccf40b]" started-at="2022-03-31T14:40:06 IST" name="AfterClass" finished-at="2022-03-31T14:40:07 IST" duration-ms="1416" status="PASS">
          <reporter-output>
          </reporter-output>
        </test-method> <!-- AfterClass -->
      </class> <!-- om.flipkart.stepdefinition.SamsungMobileValidation -->
    </test> <!-- Test -->
  </suite> <!-- Suite -->
</testng-results>
